  Main.cpp
  AppClassControls.cpp
  AppClass.cpp
  Generating Code...
  00_Sandbox_VS15.vcxproj -> C:\Users\Chris\Documents\GitHub\DSA2\ReEngineApp_2016s\Z_DELETE\00_SandboxD.exe
  00_Sandbox_VS15.vcxproj -> C:\Users\Chris\Documents\GitHub\DSA2\ReEngineApp_2016s\Z_DELETE\00_SandboxD.pdb (Full PDB)
  A subdirectory or file C:\Users\Chris\Documents\GitHub\DSA2\ReEngineApp_2016s\_Binary\ already exists.
  C:\Users\Chris\Documents\GitHub\DSA2\ReEngineApp_2016s\include\GL\bin\glew32.dll
  C:\Users\Chris\Documents\GitHub\DSA2\ReEngineApp_2016s\include\GL\bin\glut32.dll
  2 File(s) copied
  C:\Users\Chris\Documents\GitHub\DSA2\ReEngineApp_2016s\include\RE\bin\2015\ReEng_VS15.dll
  C:\Users\Chris\Documents\GitHub\DSA2\ReEngineApp_2016s\include\RE\bin\2015\ReEng_VS15_d.dll
  2 File(s) copied
  C:\Users\Chris\Documents\GitHub\DSA2\ReEngineApp_2016s\include\SFML\bin\sfml-system-2.dll
  1 File(s) copied
  C:\Users\Chris\Documents\GitHub\DSA2\ReEngineApp_2016s\include\SFML\bin\sfml-window-2.dll
  1 File(s) copied
  A subdirectory or file C:\Users\Chris\Documents\GitHub\DSA2\ReEngineApp_2016s\_Binary\Shaders\ already exists.
  C:\Users\Chris\Documents\GitHub\DSA2\ReEngineApp_2016s\include\RE\Shaders\Basic.fs
  C:\Users\Chris\Documents\GitHub\DSA2\ReEngineApp_2016s\include\RE\Shaders\Basic.vs
  C:\Users\Chris\Documents\GitHub\DSA2\ReEngineApp_2016s\include\RE\Shaders\BasicColor.fs
  C:\Users\Chris\Documents\GitHub\DSA2\ReEngineApp_2016s\include\RE\Shaders\BasicColor.vs
  C:\Users\Chris\Documents\GitHub\DSA2\ReEngineApp_2016s\include\RE\Shaders\Color.fs
  C:\Users\Chris\Documents\GitHub\DSA2\ReEngineApp_2016s\include\RE\Shaders\Color.vs
  C:\Users\Chris\Documents\GitHub\DSA2\ReEngineApp_2016s\include\RE\Shaders\PassThrough.fs
  C:\Users\Chris\Documents\GitHub\DSA2\ReEngineApp_2016s\include\RE\Shaders\PassThrough.vs
  C:\Users\Chris\Documents\GitHub\DSA2\ReEngineApp_2016s\include\RE\Shaders\Phong.fs
  C:\Users\Chris\Documents\GitHub\DSA2\ReEngineApp_2016s\include\RE\Shaders\Phong.vs
  C:\Users\Chris\Documents\GitHub\DSA2\ReEngineApp_2016s\include\RE\Shaders\REShader.fs
  C:\Users\Chris\Documents\GitHub\DSA2\ReEngineApp_2016s\include\RE\Shaders\REShader.vs
  C:\Users\Chris\Documents\GitHub\DSA2\ReEngineApp_2016s\include\RE\Shaders\REShaderInv.fs
  C:\Users\Chris\Documents\GitHub\DSA2\ReEngineApp_2016s\include\RE\Shaders\REShaderMC.fs
  C:\Users\Chris\Documents\GitHub\DSA2\ReEngineApp_2016s\include\RE\Shaders\Skybox.fs
  C:\Users\Chris\Documents\GitHub\DSA2\ReEngineApp_2016s\include\RE\Shaders\Skybox.vs
  C:\Users\Chris\Documents\GitHub\DSA2\ReEngineApp_2016s\include\RE\Shaders\Test.fs
  C:\Users\Chris\Documents\GitHub\DSA2\ReEngineApp_2016s\include\RE\Shaders\Test.vs
  C:\Users\Chris\Documents\GitHub\DSA2\ReEngineApp_2016s\include\RE\Shaders\TextShader.fs
  C:\Users\Chris\Documents\GitHub\DSA2\ReEngineApp_2016s\include\RE\Shaders\TextShader.vs
  20 File(s) copied
